[12:09:00] ============================================================
[12:09:00] INÍCIO DA AUTOMAÇÃO AGENDADA
[12:09:00] BASE_DIR: C:\Users\CAIO MAXIMUS\Documents\GitHub\meu-teste
[12:09:00] JSON: C:\Users\CAIO MAXIMUS\Documents\GitHub\meu-teste\scheduled_tasks\task_1.json
[12:09:00] ============================================================
[12:09:00] Task ID: 1
[12:09:00] Target: caio
[12:09:00] Mode: file_text
[12:09:00] Message: Sim
[12:09:00] File: C:/Users/CAIO MAXIMUS/Documents/Autoconhecimento e Profissão.docx
[12:09:01] ============================================================
[12:09:01] INICIANDO EXECUÇÃO DE ENVIO
[12:09:01] Target: caio
[12:09:01] Mode: file_text
[12:09:01] Headless: True
[12:09:01] ============================================================
[12:09:01] Iniciando Chrome | headless=True | userdir=C:\Users\CAIO MAXIMUS\Documents\GitHub\meu-teste\chrome_profile
[12:09:11] Verificando sessão do WhatsApp Web...
[12:09:11] WhatsApp Web autenticado com sucesso.
[12:09:11] Abrindo conversa com: caio
[12:09:18] Aguardando caixa de mensagem...
[12:09:20] Digitando mensagem...
[12:09:21] Anexando arquivo: C:/Users/CAIO MAXIMUS/Documents/Autoconhecimento e Profissão.docx
[12:09:31] ✗ Erro durante execução do envio: Message: 
Stacktrace:
Symbols not available. Dumping unresolved backtrace:
	0x811223
	0x811264
	0x5fe6dd
	0x6493a5
	0x64977b
	0x690382
	0x66b534
	0x68db13
	0x66b2e6
	0x63d321
	0x63e1d4
	0xa65264
	0xa6081b
	0xa7d0fa
	0x82b128
	0x83312d
	0x819528
	0x8196e9
	0x803a78
	0x75665d49
	0x774ed5db
	0x774ed561

[12:09:31] Traceback (most recent call last):
  File "C:\Users\CAIO MAXIMUS\Documents\GitHub\meu-teste\core\automation.py", line 240, in executar_envio
    attach = WebDriverWait(driver, 10).until(
             ^^^^^^^^^^^^^^^^^^^^^^^^^^^^^^^^
  File "C:\Users\CAIO MAXIMUS\AppData\Local\Programs\Python\Python312\Lib\site-packages\selenium\webdriver\support\wait.py", line 122, in until
    raise TimeoutException(message, screen, stacktrace)
selenium.common.exceptions.TimeoutException: Message: 
Stacktrace:
Symbols not available. Dumping unresolved backtrace:
	0x811223
	0x811264
	0x5fe6dd
	0x6493a5
	0x64977b
	0x690382
	0x66b534
	0x68db13
	0x66b2e6
	0x63d321
	0x63e1d4
	0xa65264
	0xa6081b
	0xa7d0fa
	0x82b128
	0x83312d
	0x819528
	0x8196e9
	0x803a78
	0x75665d49
	0x774ed5db
	0x774ed561


[12:09:31] Encerrando navegador...
[12:09:36] Navegador fechado com sucesso.
[12:09:36] ============================================================
[12:09:36] ✗ ERRO DURANTE EXECUÇÃO: Message: 
Stacktrace:
Symbols not available. Dumping unresolved backtrace:
	0x811223
	0x811264
	0x5fe6dd
	0x6493a5
	0x64977b
	0x690382
	0x66b534
	0x68db13
	0x66b2e6
	0x63d321
	0x63e1d4
	0xa65264
	0xa6081b
	0xa7d0fa
	0x82b128
	0x83312d
	0x819528
	0x8196e9
	0x803a78
	0x75665d49
	0x774ed5db
	0x774ed561

[12:09:36] Traceback completo:
[12:09:36] Traceback (most recent call last):
  File "C:\Users\CAIO MAXIMUS\Documents\GitHub\meu-teste\app.py", line 176, in run_auto
    automation.executar_envio(
  File "C:\Users\CAIO MAXIMUS\Documents\GitHub\meu-teste\core\automation.py", line 240, in executar_envio
    attach = WebDriverWait(driver, 10).until(
             ^^^^^^^^^^^^^^^^^^^^^^^^^^^^^^^^
  File "C:\Users\CAIO MAXIMUS\AppData\Local\Programs\Python\Python312\Lib\site-packages\selenium\webdriver\support\wait.py", line 122, in until
    raise TimeoutException(message, screen, stacktrace)
selenium.common.exceptions.TimeoutException: Message: 
Stacktrace:
Symbols not available. Dumping unresolved backtrace:
	0x811223
	0x811264
	0x5fe6dd
	0x6493a5
	0x64977b
	0x690382
	0x66b534
	0x68db13
	0x66b2e6
	0x63d321
	0x63e1d4
	0xa65264
	0xa6081b
	0xa7d0fa
	0x82b128
	0x83312d
	0x819528
	0x8196e9
	0x803a78
	0x75665d49
	0x774ed5db
	0x774ed561


